<?xml version="1.0" encoding="UTF-8"?>
<!-- Generated by org.testng.reporters.JUnitXMLReporter -->
<testsuite hostname="DESKTOP-2AKUF86" ignored="0" name="TestOne" tests="1" failures="1" timestamp="12 May 2020 04:54:52 GMT" time="0.372" errors="0">
  <testcase name="testLogin" time="0.051" classname="PagePack.tests.Login">
    <failure type="java.lang.IllegalStateException" message="The driver executable does not exist: C:\Users\nithy\eclipse-workspace\PageObject\Constants.CHROME_DRIVER">
      <![CDATA[java.lang.IllegalStateException: The driver executable does not exist: C:\Users\nithy\eclipse-workspace\PageObject\Constants.CHROME_DRIVER
at com.google.common.base.Preconditions.checkState(Preconditions.java:585)
at org.openqa.selenium.remote.service.DriverService.checkExecutable(DriverService.java:137)
at org.openqa.selenium.remote.service.DriverService.findExecutable(DriverService.java:132)
at org.openqa.selenium.chrome.ChromeDriverService.access$000(ChromeDriverService.java:35)
at org.openqa.selenium.chrome.ChromeDriverService$Builder.findDefaultExecutable(ChromeDriverService.java:156)
at org.openqa.selenium.remote.service.DriverService$Builder.build(DriverService.java:346)
at org.openqa.selenium.chrome.ChromeDriverService.createDefaultService(ChromeDriverService.java:91)
at org.openqa.selenium.chrome.ChromeDriver.<init>(ChromeDriver.java:123)
at PagePack.tests.base.base.openBrowser(base.java:38)
at PagePack.tests.Login.testLogin(Login.java:30)
at java.util.concurrent.FutureTask.run(Unknown Source)
at java.util.concurrent.ThreadPoolExecutor.runWorker(Unknown Source)
at java.util.concurrent.ThreadPoolExecutor$Worker.run(Unknown Source)
at java.lang.Thread.run(Unknown Source)
... Removed 16 stack frames]]>
    </failure>
  </testcase> <!-- testLogin -->
</testsuite> <!-- TestOne -->
